<?xml version="1.0" encoding="UTF-8" ?>
<testsuite tests="10" failures="1" name="TestSuite" time="5.446" errors="0" skipped="9">
  <properties>
    <property name="java.runtime.name" value="Java(TM) SE Runtime Environment"/>
    <property name="java.vm.version" value="13.0.2+8"/>
    <property name="sun.boot.library.path" value="/Library/Java/JavaVirtualMachines/jdk-13.0.2.jdk/Contents/Home/lib"/>
    <property name="maven.multiModuleProjectDirectory" value="/Users/ronakgavandi/Google Drive/Automation Material/Git Repository/AutoPro"/>
    <property name="java.vm.vendor" value="Oracle Corporation"/>
    <property name="java.vendor.url" value="https://java.oracle.com/"/>
    <property name="path.separator" value=":"/>
    <property name="guice.disable.misplaced.annotation.check" value="true"/>
    <property name="java.vm.name" value="Java HotSpot(TM) 64-Bit Server VM"/>
    <property name="user.country" value="US"/>
    <property name="sun.java.launcher" value="SUN_STANDARD"/>
    <property name="java.vm.specification.name" value="Java Virtual Machine Specification"/>
    <property name="user.dir" value="/Users/ronakgavandi/My Drive/Automation Material/Git Repository/AutoPro"/>
    <property name="java.vm.compressedOopsMode" value="Zero based"/>
    <property name="java.runtime.version" value="13.0.2+8"/>
    <property name="os.arch" value="x86_64"/>
    <property name="java.io.tmpdir" value="/var/folders/87/7639lspj3x57wxkc3gpccnp80000gn/T/"/>
    <property name="line.separator" value="
"/>
    <property name="java.vm.specification.vendor" value="Oracle Corporation"/>
    <property name="os.name" value="Mac OS X"/>
    <property name="classworlds.conf" value="/Users/ronakgavandi/Documents/WebDriver/apache-maven-3.6.3/bin/m2.conf"/>
    <property name="sun.jnu.encoding" value="UTF-8"/>
    <property name="java.library.path" value="/Users/ronakgavandi/Library/Java/Extensions:/Library/Java/Extensions:/Network/Library/Java/Extensions:/System/Library/Java/Extensions:/usr/lib/java:."/>
    <property name="maven.conf" value="/Users/ronakgavandi/Documents/WebDriver/apache-maven-3.6.3/conf"/>
    <property name="jdk.debug" value="release"/>
    <property name="java.class.version" value="57.0"/>
    <property name="java.specification.name" value="Java Platform API Specification"/>
    <property name="sun.management.compiler" value="HotSpot 64-Bit Tiered Compilers"/>
    <property name="os.version" value="10.16"/>
    <property name="library.jansi.path" value="/Users/ronakgavandi/Documents/WebDriver/apache-maven-3.6.3/lib/jansi-native"/>
    <property name="user.home" value="/Users/ronakgavandi"/>
    <property name="user.timezone" value="America/Los_Angeles"/>
    <property name="file.encoding" value="UTF-8"/>
    <property name="java.specification.version" value="13"/>
    <property name="user.name" value="ronakgavandi"/>
    <property name="java.class.path" value="/Users/ronakgavandi/Documents/WebDriver/apache-maven-3.6.3/boot/plexus-classworlds-2.6.0.jar"/>
    <property name="java.vm.specification.version" value="13"/>
    <property name="sun.arch.data.model" value="64"/>
    <property name="sun.java.command" value="org.codehaus.plexus.classworlds.launcher.Launcher test"/>
    <property name="java.home" value="/Library/Java/JavaVirtualMachines/jdk-13.0.2.jdk/Contents/Home"/>
    <property name="user.language" value="en"/>
    <property name="java.specification.vendor" value="Oracle Corporation"/>
    <property name="java.vm.info" value="mixed mode, sharing"/>
    <property name="java.version" value="13.0.2"/>
    <property name="java.vendor" value="Oracle Corporation"/>
    <property name="maven.home" value="/Users/ronakgavandi/Documents/WebDriver/apache-maven-3.6.3"/>
    <property name="file.separator" value="/"/>
    <property name="java.version.date" value="2020-01-14"/>
    <property name="java.vendor.url.bug" value="https://bugreport.java.com/bugreport/"/>
    <property name="sun.io.unicode.encoding" value="UnicodeBig"/>
    <property name="sun.cpu.endian" value="little"/>
  </properties>
  <testcase classname="testCases.AssertTitleAndNavigationPaneTest" name="initialize" time="1.794">
    <failure type="java.lang.NullPointerException">java.lang.NullPointerException
	at resources.TestBase.initializeDriver(TestBase.java:39)
	at testCases.AssertTitleAndNavigationPaneTest.initialize(AssertTitleAndNavigationPaneTest.java:23)
</failure>
    <system-out>Configuring TestNG with: org.apache.maven.surefire.testng.conf.TestNG652Configurator@d2cc05a
</system-out>
  </testcase>
  <testcase classname="testCases.HomePageAndLoginTest" name="initialize" time="1.796">
    <skipped/>
  </testcase>
  <testcase classname="cricInfo.IndVsAusTest" name="initialize" time="1.851">
    <skipped/>
  </testcase>
  <testcase classname="cricInfo.IndVsAusTest" name="assertPlayerScore" time="0.004">
    <skipped/>
  </testcase>
  <testcase classname="testCases.HomePageAndLoginTest" name="basePageNavigation" time="0">
    <skipped/>
  </testcase>
  <testcase classname="testCases.HomePageAndLoginTest" name="basePageNavigation" time="0">
    <skipped/>
  </testcase>
  <testcase classname="testCases.AssertTitleAndNavigationPaneTest" name="basePageNavigation" time="0">
    <skipped/>
  </testcase>
  <testcase classname="testCases.AssertTitleAndNavigationPaneTest" name="tearDown" time="0">
    <skipped/>
  </testcase>
  <testcase classname="testCases.HomePageAndLoginTest" name="tearDown" time="0">
    <skipped/>
  </testcase>
  <testcase classname="cricInfo.IndVsAusTest" name="tearDown" time="0.001">
    <skipped/>
  </testcase>
</testsuite>