<?xml version="1.0" encoding="UTF-8"?>
<testsuite xmlns:xsi="http://www.w3.org/2001/XMLSchema-instance" xsi:noNamespaceSchemaLocation="https://maven.apache.org/surefire/maven-surefire-plugin/xsd/surefire-test-report-3.0.xsd" version="3.0" name="TestSuite" time="41.857" tests="3" errors="0" skipped="0" failures="3">
  <properties>
    <property name="java.specification.version" value="13"/>
    <property name="webdriver.chrome.driver" value="/Users/ronakgavandi/My Drive/Automation Material/Git Repository/E2EProject/drivers/chromedriver"/>
    <property name="sun.jnu.encoding" value="UTF-8"/>
    <property name="java.class.path" value="/Users/ronakgavandi/My Drive/Automation Material/Git Repository/E2EProject/target/test-classes:/Users/ronakgavandi/My Drive/Automation Material/Git Repository/E2EProject/target/classes:/Users/ronakgavandi/.m2/repository/org/seleniumhq/selenium/selenium-java/4.0.0-beta-1/selenium-java-4.0.0-beta-1.jar:/Users/ronakgavandi/.m2/repository/org/seleniumhq/selenium/selenium-api/4.0.0-beta-1/selenium-api-4.0.0-beta-1.jar:/Users/ronakgavandi/.m2/repository/org/seleniumhq/selenium/selenium-chrome-driver/4.0.0-beta-1/selenium-chrome-driver-4.0.0-beta-1.jar:/Users/ronakgavandi/.m2/repository/com/google/auto/service/auto-service-annotations/1.0-rc7/auto-service-annotations-1.0-rc7.jar:/Users/ronakgavandi/.m2/repository/com/google/auto/service/auto-service/1.0-rc7/auto-service-1.0-rc7.jar:/Users/ronakgavandi/.m2/repository/com/google/auto/auto-common/0.10/auto-common-0.10.jar:/Users/ronakgavandi/.m2/repository/org/seleniumhq/selenium/selenium-chromium-driver/4.0.0-beta-1/selenium-chromium-driver-4.0.0-beta-1.jar:/Users/ronakgavandi/.m2/repository/org/seleniumhq/selenium/selenium-devtools/4.0.0-beta-1/selenium-devtools-4.0.0-beta-1.jar:/Users/ronakgavandi/.m2/repository/org/seleniumhq/selenium/selenium-http/4.0.0-beta-1/selenium-http-4.0.0-beta-1.jar:/Users/ronakgavandi/.m2/repository/org/seleniumhq/selenium/selenium-json/4.0.0-beta-1/selenium-json-4.0.0-beta-1.jar:/Users/ronakgavandi/.m2/repository/org/seleniumhq/selenium/selenium-devtools-v86/4.0.0-beta-1/selenium-devtools-v86-4.0.0-beta-1.jar:/Users/ronakgavandi/.m2/repository/org/seleniumhq/selenium/selenium-devtools-v87/4.0.0-beta-1/selenium-devtools-v87-4.0.0-beta-1.jar:/Users/ronakgavandi/.m2/repository/org/seleniumhq/selenium/selenium-devtools-v88/4.0.0-beta-1/selenium-devtools-v88-4.0.0-beta-1.jar:/Users/ronakgavandi/.m2/repository/org/seleniumhq/selenium/selenium-devtools-v89/4.0.0-beta-1/selenium-devtools-v89-4.0.0-beta-1.jar:/Users/ronakgavandi/.m2/repository/org/seleniumhq/selenium/selenium-edge-driver/4.0.0-beta-1/selenium-edge-driver-4.0.0-beta-1.jar:/Users/ronakgavandi/.m2/repository/org/seleniumhq/selenium/selenium-firefox-driver/4.0.0-beta-1/selenium-firefox-driver-4.0.0-beta-1.jar:/Users/ronakgavandi/.m2/repository/org/seleniumhq/selenium/selenium-firefox-xpi-driver/4.0.0-beta-1/selenium-firefox-xpi-driver-4.0.0-beta-1.jar:/Users/ronakgavandi/.m2/repository/org/seleniumhq/selenium/selenium-ie-driver/4.0.0-beta-1/selenium-ie-driver-4.0.0-beta-1.jar:/Users/ronakgavandi/.m2/repository/org/seleniumhq/selenium/selenium-opera-driver/4.0.0-beta-1/selenium-opera-driver-4.0.0-beta-1.jar:/Users/ronakgavandi/.m2/repository/org/seleniumhq/selenium/selenium-remote-driver/4.0.0-beta-1/selenium-remote-driver-4.0.0-beta-1.jar:/Users/ronakgavandi/.m2/repository/io/netty/netty-buffer/4.1.58.Final/netty-buffer-4.1.58.Final.jar:/Users/ronakgavandi/.m2/repository/io/netty/netty-codec-http/4.1.58.Final/netty-codec-http-4.1.58.Final.jar:/Users/ronakgavandi/.m2/repository/io/netty/netty-codec/4.1.58.Final/netty-codec-4.1.58.Final.jar:/Users/ronakgavandi/.m2/repository/io/netty/netty-handler/4.1.58.Final/netty-handler-4.1.58.Final.jar:/Users/ronakgavandi/.m2/repository/io/netty/netty-common/4.1.58.Final/netty-common-4.1.58.Final.jar:/Users/ronakgavandi/.m2/repository/io/netty/netty-transport-native-epoll/4.1.58.Final/netty-transport-native-epoll-4.1.58.Final.jar:/Users/ronakgavandi/.m2/repository/io/netty/netty-transport-native-kqueue/4.1.58.Final/netty-transport-native-kqueue-4.1.58.Final.jar:/Users/ronakgavandi/.m2/repository/io/netty/netty-transport-native-unix-common/4.1.58.Final/netty-transport-native-unix-common-4.1.58.Final.jar:/Users/ronakgavandi/.m2/repository/io/netty/netty-transport/4.1.58.Final/netty-transport-4.1.58.Final.jar:/Users/ronakgavandi/.m2/repository/io/netty/netty-resolver/4.1.58.Final/netty-resolver-4.1.58.Final.jar:/Users/ronakgavandi/.m2/repository/io/opentelemetry/opentelemetry-api/0.14.1/opentelemetry-api-0.14.1.jar:/Users/ronakgavandi/.m2/repository/io/opentelemetry/opentelemetry-context/0.14.1/opentelemetry-context-0.14.1.jar:/Users/ronakgavandi/.m2/repository/io/opentelemetry/opentelemetry-exporter-logging/0.14.1/opentelemetry-exporter-logging-0.14.1.jar:/Users/ronakgavandi/.m2/repository/io/opentelemetry/opentelemetry-sdk-metrics/0.14.1-alpha/opentelemetry-sdk-metrics-0.14.1-alpha.jar:/Users/ronakgavandi/.m2/repository/io/opentelemetry/opentelemetry-sdk-common/0.14.1/opentelemetry-sdk-common-0.14.1.jar:/Users/ronakgavandi/.m2/repository/io/opentelemetry/opentelemetry-sdk-trace/0.14.1/opentelemetry-sdk-trace-0.14.1.jar:/Users/ronakgavandi/.m2/repository/io/opentelemetry/opentelemetry-api-metrics/0.14.1-alpha/opentelemetry-api-metrics-0.14.1-alpha.jar:/Users/ronakgavandi/.m2/repository/io/opentelemetry/opentelemetry-sdk/0.14.1/opentelemetry-sdk-0.14.1.jar:/Users/ronakgavandi/.m2/repository/io/opentelemetry/opentelemetry-semconv/0.14.1/opentelemetry-semconv-0.14.1.jar:/Users/ronakgavandi/.m2/repository/org/asynchttpclient/async-http-client/2.12.2/async-http-client-2.12.2.jar:/Users/ronakgavandi/.m2/repository/org/asynchttpclient/async-http-client-netty-utils/2.12.2/async-http-client-netty-utils-2.12.2.jar:/Users/ronakgavandi/.m2/repository/io/netty/netty-codec-socks/4.1.53.Final/netty-codec-socks-4.1.53.Final.jar:/Users/ronakgavandi/.m2/repository/io/netty/netty-handler-proxy/4.1.53.Final/netty-handler-proxy-4.1.53.Final.jar:/Users/ronakgavandi/.m2/repository/io/netty/netty-transport-native-epoll/4.1.53.Final/netty-transport-native-epoll-4.1.53.Final-linux-x86_64.jar:/Users/ronakgavandi/.m2/repository/io/netty/netty-transport-native-kqueue/4.1.53.Final/netty-transport-native-kqueue-4.1.53.Final-osx-x86_64.jar:/Users/ronakgavandi/.m2/repository/com/typesafe/netty/netty-reactive-streams/2.0.4/netty-reactive-streams-2.0.4.jar:/Users/ronakgavandi/.m2/repository/com/sun/activation/jakarta.activation/1.2.2/jakarta.activation-1.2.2.jar:/Users/ronakgavandi/.m2/repository/org/seleniumhq/selenium/selenium-safari-driver/4.0.0-beta-1/selenium-safari-driver-4.0.0-beta-1.jar:/Users/ronakgavandi/.m2/repository/org/seleniumhq/selenium/selenium-support/4.0.0-beta-1/selenium-support-4.0.0-beta-1.jar:/Users/ronakgavandi/.m2/repository/org/seleniumhq/selenium/selenium-server/3.141.59/selenium-server-3.141.59.jar:/Users/ronakgavandi/.m2/repository/com/beust/jcommander/1.72/jcommander-1.72.jar:/Users/ronakgavandi/.m2/repository/net/bytebuddy/byte-buddy/1.8.15/byte-buddy-1.8.15.jar:/Users/ronakgavandi/.m2/repository/org/apache/commons/commons-exec/1.3/commons-exec-1.3.jar:/Users/ronakgavandi/.m2/repository/com/google/guava/guava/25.0-jre/guava-25.0-jre.jar:/Users/ronakgavandi/.m2/repository/com/google/code/findbugs/jsr305/1.3.9/jsr305-1.3.9.jar:/Users/ronakgavandi/.m2/repository/org/checkerframework/checker-compat-qual/2.0.0/checker-compat-qual-2.0.0.jar:/Users/ronakgavandi/.m2/repository/com/google/errorprone/error_prone_annotations/2.1.3/error_prone_annotations-2.1.3.jar:/Users/ronakgavandi/.m2/repository/com/google/j2objc/j2objc-annotations/1.1/j2objc-annotations-1.1.jar:/Users/ronakgavandi/.m2/repository/org/codehaus/mojo/animal-sniffer-annotations/1.14/animal-sniffer-annotations-1.14.jar:/Users/ronakgavandi/.m2/repository/net/jcip/jcip-annotations/1.0/jcip-annotations-1.0.jar:/Users/ronakgavandi/.m2/repository/org/seleniumhq/selenium/jetty-repacked/9.4.12.v20180830/jetty-repacked-9.4.12.v20180830.jar:/Users/ronakgavandi/.m2/repository/com/squareup/okhttp3/okhttp/3.11.0/okhttp-3.11.0.jar:/Users/ronakgavandi/.m2/repository/com/squareup/okio/okio/1.14.0/okio-1.14.0.jar:/Users/ronakgavandi/.m2/repository/javax/servlet/javax.servlet-api/3.1.0/javax.servlet-api-3.1.0.jar:/Users/ronakgavandi/.m2/repository/org/yaml/snakeyaml/1.19/snakeyaml-1.19.jar:/Users/ronakgavandi/.m2/repository/org/testng/testng/7.4.0/testng-7.4.0.jar:/Users/ronakgavandi/.m2/repository/org/webjars/jquery/3.5.1/jquery-3.5.1.jar:/Users/ronakgavandi/.m2/repository/org/apache/logging/log4j/log4j-api/2.14.1/log4j-api-2.14.1.jar:/Users/ronakgavandi/.m2/repository/org/apache/logging/log4j/log4j-core/2.14.1/log4j-core-2.14.1.jar:/Users/ronakgavandi/.m2/repository/commons-io/commons-io/2.8.0/commons-io-2.8.0.jar:/Users/ronakgavandi/.m2/repository/com/aventstack/extentreports/5.0.7/extentreports-5.0.7.jar:/Users/ronakgavandi/.m2/repository/io/reactivex/rxjava3/rxjava/3.0.4/rxjava-3.0.4.jar:/Users/ronakgavandi/.m2/repository/org/reactivestreams/reactive-streams/1.0.3/reactive-streams-1.0.3.jar:/Users/ronakgavandi/.m2/repository/org/freemarker/freemarker/2.3.30/freemarker-2.3.30.jar:/Users/ronakgavandi/.m2/repository/org/projectlombok/lombok/1.18.12/lombok-1.18.12.jar:/Users/ronakgavandi/.m2/repository/com/google/code/gson/gson/2.8.6/gson-2.8.6.jar:/Users/ronakgavandi/.m2/repository/io/rest-assured/rest-assured/4.3.3/rest-assured-4.3.3.jar:/Users/ronakgavandi/.m2/repository/org/codehaus/groovy/groovy/3.0.7/groovy-3.0.7.jar:/Users/ronakgavandi/.m2/repository/org/codehaus/groovy/groovy-xml/3.0.7/groovy-xml-3.0.7.jar:/Users/ronakgavandi/.m2/repository/org/apache/httpcomponents/httpclient/4.5.3/httpclient-4.5.3.jar:/Users/ronakgavandi/.m2/repository/org/apache/httpcomponents/httpcore/4.4.6/httpcore-4.4.6.jar:/Users/ronakgavandi/.m2/repository/commons-logging/commons-logging/1.2/commons-logging-1.2.jar:/Users/ronakgavandi/.m2/repository/org/apache/httpcomponents/httpmime/4.5.3/httpmime-4.5.3.jar:/Users/ronakgavandi/.m2/repository/org/hamcrest/hamcrest/2.1/hamcrest-2.1.jar:/Users/ronakgavandi/.m2/repository/org/ccil/cowan/tagsoup/tagsoup/1.2.1/tagsoup-1.2.1.jar:/Users/ronakgavandi/.m2/repository/io/rest-assured/json-path/4.3.3/json-path-4.3.3.jar:/Users/ronakgavandi/.m2/repository/org/codehaus/groovy/groovy-json/3.0.7/groovy-json-3.0.7.jar:/Users/ronakgavandi/.m2/repository/io/rest-assured/rest-assured-common/4.3.3/rest-assured-common-4.3.3.jar:/Users/ronakgavandi/.m2/repository/io/rest-assured/xml-path/4.3.3/xml-path-4.3.3.jar:/Users/ronakgavandi/.m2/repository/org/apache/commons/commons-lang3/3.11/commons-lang3-3.11.jar:/Users/ronakgavandi/.m2/repository/jakarta/xml/bind/jakarta.xml.bind-api/2.3.3/jakarta.xml.bind-api-2.3.3.jar:/Users/ronakgavandi/.m2/repository/jakarta/activation/jakarta.activation-api/1.2.2/jakarta.activation-api-1.2.2.jar:/Users/ronakgavandi/.m2/repository/com/sun/xml/bind/jaxb-impl/2.3.3/jaxb-impl-2.3.3.jar:/Users/ronakgavandi/.m2/repository/mysql/mysql-connector-java/8.0.23/mysql-connector-java-8.0.23.jar:/Users/ronakgavandi/.m2/repository/com/google/protobuf/protobuf-java/3.11.4/protobuf-java-3.11.4.jar:/Users/ronakgavandi/.m2/repository/org/apache/poi/poi-ooxml/5.0.0/poi-ooxml-5.0.0.jar:/Users/ronakgavandi/.m2/repository/org/apache/poi/poi-ooxml-lite/5.0.0/poi-ooxml-lite-5.0.0.jar:/Users/ronakgavandi/.m2/repository/org/apache/xmlbeans/xmlbeans/4.0.0/xmlbeans-4.0.0.jar:/Users/ronakgavandi/.m2/repository/org/apache/commons/commons-compress/1.20/commons-compress-1.20.jar:/Users/ronakgavandi/.m2/repository/com/github/virtuald/curvesapi/1.06/curvesapi-1.06.jar:/Users/ronakgavandi/.m2/repository/org/bouncycastle/bcpkix-jdk15on/1.68/bcpkix-jdk15on-1.68.jar:/Users/ronakgavandi/.m2/repository/org/bouncycastle/bcprov-jdk15on/1.68/bcprov-jdk15on-1.68.jar:/Users/ronakgavandi/.m2/repository/org/apache/santuario/xmlsec/2.2.1/xmlsec-2.2.1.jar:/Users/ronakgavandi/.m2/repository/com/fasterxml/woodstox/woodstox-core/5.2.1/woodstox-core-5.2.1.jar:/Users/ronakgavandi/.m2/repository/org/codehaus/woodstox/stax2-api/4.2/stax2-api-4.2.jar:/Users/ronakgavandi/.m2/repository/org/apache/xmlgraphics/batik-all/1.13/batik-all-1.13.jar:/Users/ronakgavandi/.m2/repository/org/apache/xmlgraphics/batik-anim/1.13/batik-anim-1.13.jar:/Users/ronakgavandi/.m2/repository/org/apache/xmlgraphics/batik-shared-resources/1.13/batik-shared-resources-1.13.jar:/Users/ronakgavandi/.m2/repository/xml-apis/xml-apis-ext/1.3.04/xml-apis-ext-1.3.04.jar:/Users/ronakgavandi/.m2/repository/org/apache/xmlgraphics/batik-awt-util/1.13/batik-awt-util-1.13.jar:/Users/ronakgavandi/.m2/repository/org/apache/xmlgraphics/xmlgraphics-commons/2.4/xmlgraphics-commons-2.4.jar:/Users/ronakgavandi/.m2/repository/org/apache/xmlgraphics/batik-bridge/1.13/batik-bridge-1.13.jar:/Users/ronakgavandi/.m2/repository/org/apache/xmlgraphics/batik-codec/1.13/batik-codec-1.13.jar:/Users/ronakgavandi/.m2/repository/org/apache/xmlgraphics/batik-constants/1.13/batik-constants-1.13.jar:/Users/ronakgavandi/.m2/repository/org/apache/xmlgraphics/batik-css/1.13/batik-css-1.13.jar:/Users/ronakgavandi/.m2/repository/org/apache/xmlgraphics/batik-dom/1.13/batik-dom-1.13.jar:/Users/ronakgavandi/.m2/repository/xalan/xalan/2.7.2/xalan-2.7.2.jar:/Users/ronakgavandi/.m2/repository/xalan/serializer/2.7.2/serializer-2.7.2.jar:/Users/ronakgavandi/.m2/repository/xml-apis/xml-apis/1.4.01/xml-apis-1.4.01.jar:/Users/ronakgavandi/.m2/repository/org/apache/xmlgraphics/batik-ext/1.13/batik-ext-1.13.jar:/Users/ronakgavandi/.m2/repository/org/apache/xmlgraphics/batik-extension/1.13/batik-extension-1.13.jar:/Users/ronakgavandi/.m2/repository/org/apache/xmlgraphics/batik-gui-util/1.13/batik-gui-util-1.13.jar:/Users/ronakgavandi/.m2/repository/org/apache/xmlgraphics/batik-gvt/1.13/batik-gvt-1.13.jar:/Users/ronakgavandi/.m2/repository/org/apache/xmlgraphics/batik-i18n/1.13/batik-i18n-1.13.jar:/Users/ronakgavandi/.m2/repository/org/apache/xmlgraphics/batik-parser/1.13/batik-parser-1.13.jar:/Users/ronakgavandi/.m2/repository/org/apache/xmlgraphics/batik-rasterizer-ext/1.13/batik-rasterizer-ext-1.13.jar:/Users/ronakgavandi/.m2/repository/org/apache/xmlgraphics/batik-rasterizer/1.13/batik-rasterizer-1.13.jar:/Users/ronakgavandi/.m2/repository/org/apache/xmlgraphics/batik-script/1.13/batik-script-1.13.jar:/Users/ronakgavandi/.m2/repository/org/apache/xmlgraphics/batik-slideshow/1.13/batik-slideshow-1.13.jar:/Users/ronakgavandi/.m2/repository/org/apache/xmlgraphics/batik-squiggle-ext/1.13/batik-squiggle-ext-1.13.jar:/Users/ronakgavandi/.m2/repository/org/apache/xmlgraphics/batik-squiggle/1.13/batik-squiggle-1.13.jar:/Users/ronakgavandi/.m2/repository/org/apache/xmlgraphics/batik-svg-dom/1.13/batik-svg-dom-1.13.jar:/Users/ronakgavandi/.m2/repository/org/apache/xmlgraphics/batik-svgbrowser/1.13/batik-svgbrowser-1.13.jar:/Users/ronakgavandi/.m2/repository/org/apache/xmlgraphics/batik-svggen/1.13/batik-svggen-1.13.jar:/Users/ronakgavandi/.m2/repository/org/apache/xmlgraphics/batik-svgpp/1.13/batik-svgpp-1.13.jar:/Users/ronakgavandi/.m2/repository/org/apache/xmlgraphics/batik-svgrasterizer/1.13/batik-svgrasterizer-1.13.jar:/Users/ronakgavandi/.m2/repository/org/apache/xmlgraphics/batik-swing/1.13/batik-swing-1.13.jar:/Users/ronakgavandi/.m2/repository/org/apache/xmlgraphics/batik-transcoder/1.13/batik-transcoder-1.13.jar:/Users/ronakgavandi/.m2/repository/org/apache/xmlgraphics/batik-util/1.13/batik-util-1.13.jar:/Users/ronakgavandi/.m2/repository/org/apache/xmlgraphics/batik-ttf2svg/1.13/batik-ttf2svg-1.13.jar:/Users/ronakgavandi/.m2/repository/org/apache/xmlgraphics/batik-xml/1.13/batik-xml-1.13.jar:/Users/ronakgavandi/.m2/repository/de/rototor/pdfbox/graphics2d/0.30/graphics2d-0.30.jar:/Users/ronakgavandi/.m2/repository/org/apache/pdfbox/pdfbox/2.0.22/pdfbox-2.0.22.jar:/Users/ronakgavandi/.m2/repository/org/apache/pdfbox/fontbox/2.0.22/fontbox-2.0.22.jar:/Users/ronakgavandi/.m2/repository/org/apache/poi/poi/5.0.0/poi-5.0.0.jar:/Users/ronakgavandi/.m2/repository/org/slf4j/slf4j-api/1.7.30/slf4j-api-1.7.30.jar:/Users/ronakgavandi/.m2/repository/org/slf4j/jcl-over-slf4j/1.7.30/jcl-over-slf4j-1.7.30.jar:/Users/ronakgavandi/.m2/repository/commons-codec/commons-codec/1.15/commons-codec-1.15.jar:/Users/ronakgavandi/.m2/repository/org/apache/commons/commons-collections4/4.4/commons-collections4-4.4.jar:/Users/ronakgavandi/.m2/repository/org/apache/commons/commons-math3/3.6.1/commons-math3-3.6.1.jar:/Users/ronakgavandi/.m2/repository/com/zaxxer/SparseBitSet/1.2/SparseBitSet-1.2.jar:"/>
    <property name="java.vm.vendor" value="Oracle Corporation"/>
    <property name="sun.arch.data.model" value="64"/>
    <property name="java.vendor.url" value="https://java.oracle.com/"/>
    <property name="user.timezone" value="America/Los_Angeles"/>
    <property name="os.name" value="Mac OS X"/>
    <property name="java.vm.specification.version" value="13"/>
    <property name="sun.java.launcher" value="SUN_STANDARD"/>
    <property name="user.country" value="US"/>
    <property name="sun.boot.library.path" value="/Library/Java/JavaVirtualMachines/jdk-13.0.2.jdk/Contents/Home/lib"/>
    <property name="sun.java.command" value="/Users/ronakgavandi/My Drive/Automation Material/Git Repository/E2EProject/target/surefire/surefirebooter10840646039056158062.jar /Users/ronakgavandi/My Drive/Automation Material/Git Repository/E2EProject/target/surefire 2022-06-16T13-28-43_543-jvmRun1 surefire7591454126820654984tmp surefire_010045431671140787765tmp"/>
    <property name="jdk.debug" value="release"/>
    <property name="surefire.test.class.path" value="/Users/ronakgavandi/My Drive/Automation Material/Git Repository/E2EProject/target/test-classes:/Users/ronakgavandi/My Drive/Automation Material/Git Repository/E2EProject/target/classes:/Users/ronakgavandi/.m2/repository/org/seleniumhq/selenium/selenium-java/4.0.0-beta-1/selenium-java-4.0.0-beta-1.jar:/Users/ronakgavandi/.m2/repository/org/seleniumhq/selenium/selenium-api/4.0.0-beta-1/selenium-api-4.0.0-beta-1.jar:/Users/ronakgavandi/.m2/repository/org/seleniumhq/selenium/selenium-chrome-driver/4.0.0-beta-1/selenium-chrome-driver-4.0.0-beta-1.jar:/Users/ronakgavandi/.m2/repository/com/google/auto/service/auto-service-annotations/1.0-rc7/auto-service-annotations-1.0-rc7.jar:/Users/ronakgavandi/.m2/repository/com/google/auto/service/auto-service/1.0-rc7/auto-service-1.0-rc7.jar:/Users/ronakgavandi/.m2/repository/com/google/auto/auto-common/0.10/auto-common-0.10.jar:/Users/ronakgavandi/.m2/repository/org/seleniumhq/selenium/selenium-chromium-driver/4.0.0-beta-1/selenium-chromium-driver-4.0.0-beta-1.jar:/Users/ronakgavandi/.m2/repository/org/seleniumhq/selenium/selenium-devtools/4.0.0-beta-1/selenium-devtools-4.0.0-beta-1.jar:/Users/ronakgavandi/.m2/repository/org/seleniumhq/selenium/selenium-http/4.0.0-beta-1/selenium-http-4.0.0-beta-1.jar:/Users/ronakgavandi/.m2/repository/org/seleniumhq/selenium/selenium-json/4.0.0-beta-1/selenium-json-4.0.0-beta-1.jar:/Users/ronakgavandi/.m2/repository/org/seleniumhq/selenium/selenium-devtools-v86/4.0.0-beta-1/selenium-devtools-v86-4.0.0-beta-1.jar:/Users/ronakgavandi/.m2/repository/org/seleniumhq/selenium/selenium-devtools-v87/4.0.0-beta-1/selenium-devtools-v87-4.0.0-beta-1.jar:/Users/ronakgavandi/.m2/repository/org/seleniumhq/selenium/selenium-devtools-v88/4.0.0-beta-1/selenium-devtools-v88-4.0.0-beta-1.jar:/Users/ronakgavandi/.m2/repository/org/seleniumhq/selenium/selenium-devtools-v89/4.0.0-beta-1/selenium-devtools-v89-4.0.0-beta-1.jar:/Users/ronakgavandi/.m2/repository/org/seleniumhq/selenium/selenium-edge-driver/4.0.0-beta-1/selenium-edge-driver-4.0.0-beta-1.jar:/Users/ronakgavandi/.m2/repository/org/seleniumhq/selenium/selenium-firefox-driver/4.0.0-beta-1/selenium-firefox-driver-4.0.0-beta-1.jar:/Users/ronakgavandi/.m2/repository/org/seleniumhq/selenium/selenium-firefox-xpi-driver/4.0.0-beta-1/selenium-firefox-xpi-driver-4.0.0-beta-1.jar:/Users/ronakgavandi/.m2/repository/org/seleniumhq/selenium/selenium-ie-driver/4.0.0-beta-1/selenium-ie-driver-4.0.0-beta-1.jar:/Users/ronakgavandi/.m2/repository/org/seleniumhq/selenium/selenium-opera-driver/4.0.0-beta-1/selenium-opera-driver-4.0.0-beta-1.jar:/Users/ronakgavandi/.m2/repository/org/seleniumhq/selenium/selenium-remote-driver/4.0.0-beta-1/selenium-remote-driver-4.0.0-beta-1.jar:/Users/ronakgavandi/.m2/repository/io/netty/netty-buffer/4.1.58.Final/netty-buffer-4.1.58.Final.jar:/Users/ronakgavandi/.m2/repository/io/netty/netty-codec-http/4.1.58.Final/netty-codec-http-4.1.58.Final.jar:/Users/ronakgavandi/.m2/repository/io/netty/netty-codec/4.1.58.Final/netty-codec-4.1.58.Final.jar:/Users/ronakgavandi/.m2/repository/io/netty/netty-handler/4.1.58.Final/netty-handler-4.1.58.Final.jar:/Users/ronakgavandi/.m2/repository/io/netty/netty-common/4.1.58.Final/netty-common-4.1.58.Final.jar:/Users/ronakgavandi/.m2/repository/io/netty/netty-transport-native-epoll/4.1.58.Final/netty-transport-native-epoll-4.1.58.Final.jar:/Users/ronakgavandi/.m2/repository/io/netty/netty-transport-native-kqueue/4.1.58.Final/netty-transport-native-kqueue-4.1.58.Final.jar:/Users/ronakgavandi/.m2/repository/io/netty/netty-transport-native-unix-common/4.1.58.Final/netty-transport-native-unix-common-4.1.58.Final.jar:/Users/ronakgavandi/.m2/repository/io/netty/netty-transport/4.1.58.Final/netty-transport-4.1.58.Final.jar:/Users/ronakgavandi/.m2/repository/io/netty/netty-resolver/4.1.58.Final/netty-resolver-4.1.58.Final.jar:/Users/ronakgavandi/.m2/repository/io/opentelemetry/opentelemetry-api/0.14.1/opentelemetry-api-0.14.1.jar:/Users/ronakgavandi/.m2/repository/io/opentelemetry/opentelemetry-context/0.14.1/opentelemetry-context-0.14.1.jar:/Users/ronakgavandi/.m2/repository/io/opentelemetry/opentelemetry-exporter-logging/0.14.1/opentelemetry-exporter-logging-0.14.1.jar:/Users/ronakgavandi/.m2/repository/io/opentelemetry/opentelemetry-sdk-metrics/0.14.1-alpha/opentelemetry-sdk-metrics-0.14.1-alpha.jar:/Users/ronakgavandi/.m2/repository/io/opentelemetry/opentelemetry-sdk-common/0.14.1/opentelemetry-sdk-common-0.14.1.jar:/Users/ronakgavandi/.m2/repository/io/opentelemetry/opentelemetry-sdk-trace/0.14.1/opentelemetry-sdk-trace-0.14.1.jar:/Users/ronakgavandi/.m2/repository/io/opentelemetry/opentelemetry-api-metrics/0.14.1-alpha/opentelemetry-api-metrics-0.14.1-alpha.jar:/Users/ronakgavandi/.m2/repository/io/opentelemetry/opentelemetry-sdk/0.14.1/opentelemetry-sdk-0.14.1.jar:/Users/ronakgavandi/.m2/repository/io/opentelemetry/opentelemetry-semconv/0.14.1/opentelemetry-semconv-0.14.1.jar:/Users/ronakgavandi/.m2/repository/org/asynchttpclient/async-http-client/2.12.2/async-http-client-2.12.2.jar:/Users/ronakgavandi/.m2/repository/org/asynchttpclient/async-http-client-netty-utils/2.12.2/async-http-client-netty-utils-2.12.2.jar:/Users/ronakgavandi/.m2/repository/io/netty/netty-codec-socks/4.1.53.Final/netty-codec-socks-4.1.53.Final.jar:/Users/ronakgavandi/.m2/repository/io/netty/netty-handler-proxy/4.1.53.Final/netty-handler-proxy-4.1.53.Final.jar:/Users/ronakgavandi/.m2/repository/io/netty/netty-transport-native-epoll/4.1.53.Final/netty-transport-native-epoll-4.1.53.Final-linux-x86_64.jar:/Users/ronakgavandi/.m2/repository/io/netty/netty-transport-native-kqueue/4.1.53.Final/netty-transport-native-kqueue-4.1.53.Final-osx-x86_64.jar:/Users/ronakgavandi/.m2/repository/com/typesafe/netty/netty-reactive-streams/2.0.4/netty-reactive-streams-2.0.4.jar:/Users/ronakgavandi/.m2/repository/com/sun/activation/jakarta.activation/1.2.2/jakarta.activation-1.2.2.jar:/Users/ronakgavandi/.m2/repository/org/seleniumhq/selenium/selenium-safari-driver/4.0.0-beta-1/selenium-safari-driver-4.0.0-beta-1.jar:/Users/ronakgavandi/.m2/repository/org/seleniumhq/selenium/selenium-support/4.0.0-beta-1/selenium-support-4.0.0-beta-1.jar:/Users/ronakgavandi/.m2/repository/org/seleniumhq/selenium/selenium-server/3.141.59/selenium-server-3.141.59.jar:/Users/ronakgavandi/.m2/repository/com/beust/jcommander/1.72/jcommander-1.72.jar:/Users/ronakgavandi/.m2/repository/net/bytebuddy/byte-buddy/1.8.15/byte-buddy-1.8.15.jar:/Users/ronakgavandi/.m2/repository/org/apache/commons/commons-exec/1.3/commons-exec-1.3.jar:/Users/ronakgavandi/.m2/repository/com/google/guava/guava/25.0-jre/guava-25.0-jre.jar:/Users/ronakgavandi/.m2/repository/com/google/code/findbugs/jsr305/1.3.9/jsr305-1.3.9.jar:/Users/ronakgavandi/.m2/repository/org/checkerframework/checker-compat-qual/2.0.0/checker-compat-qual-2.0.0.jar:/Users/ronakgavandi/.m2/repository/com/google/errorprone/error_prone_annotations/2.1.3/error_prone_annotations-2.1.3.jar:/Users/ronakgavandi/.m2/repository/com/google/j2objc/j2objc-annotations/1.1/j2objc-annotations-1.1.jar:/Users/ronakgavandi/.m2/repository/org/codehaus/mojo/animal-sniffer-annotations/1.14/animal-sniffer-annotations-1.14.jar:/Users/ronakgavandi/.m2/repository/net/jcip/jcip-annotations/1.0/jcip-annotations-1.0.jar:/Users/ronakgavandi/.m2/repository/org/seleniumhq/selenium/jetty-repacked/9.4.12.v20180830/jetty-repacked-9.4.12.v20180830.jar:/Users/ronakgavandi/.m2/repository/com/squareup/okhttp3/okhttp/3.11.0/okhttp-3.11.0.jar:/Users/ronakgavandi/.m2/repository/com/squareup/okio/okio/1.14.0/okio-1.14.0.jar:/Users/ronakgavandi/.m2/repository/javax/servlet/javax.servlet-api/3.1.0/javax.servlet-api-3.1.0.jar:/Users/ronakgavandi/.m2/repository/org/yaml/snakeyaml/1.19/snakeyaml-1.19.jar:/Users/ronakgavandi/.m2/repository/org/testng/testng/7.4.0/testng-7.4.0.jar:/Users/ronakgavandi/.m2/repository/org/webjars/jquery/3.5.1/jquery-3.5.1.jar:/Users/ronakgavandi/.m2/repository/org/apache/logging/log4j/log4j-api/2.14.1/log4j-api-2.14.1.jar:/Users/ronakgavandi/.m2/repository/org/apache/logging/log4j/log4j-core/2.14.1/log4j-core-2.14.1.jar:/Users/ronakgavandi/.m2/repository/commons-io/commons-io/2.8.0/commons-io-2.8.0.jar:/Users/ronakgavandi/.m2/repository/com/aventstack/extentreports/5.0.7/extentreports-5.0.7.jar:/Users/ronakgavandi/.m2/repository/io/reactivex/rxjava3/rxjava/3.0.4/rxjava-3.0.4.jar:/Users/ronakgavandi/.m2/repository/org/reactivestreams/reactive-streams/1.0.3/reactive-streams-1.0.3.jar:/Users/ronakgavandi/.m2/repository/org/freemarker/freemarker/2.3.30/freemarker-2.3.30.jar:/Users/ronakgavandi/.m2/repository/org/projectlombok/lombok/1.18.12/lombok-1.18.12.jar:/Users/ronakgavandi/.m2/repository/com/google/code/gson/gson/2.8.6/gson-2.8.6.jar:/Users/ronakgavandi/.m2/repository/io/rest-assured/rest-assured/4.3.3/rest-assured-4.3.3.jar:/Users/ronakgavandi/.m2/repository/org/codehaus/groovy/groovy/3.0.7/groovy-3.0.7.jar:/Users/ronakgavandi/.m2/repository/org/codehaus/groovy/groovy-xml/3.0.7/groovy-xml-3.0.7.jar:/Users/ronakgavandi/.m2/repository/org/apache/httpcomponents/httpclient/4.5.3/httpclient-4.5.3.jar:/Users/ronakgavandi/.m2/repository/org/apache/httpcomponents/httpcore/4.4.6/httpcore-4.4.6.jar:/Users/ronakgavandi/.m2/repository/commons-logging/commons-logging/1.2/commons-logging-1.2.jar:/Users/ronakgavandi/.m2/repository/org/apache/httpcomponents/httpmime/4.5.3/httpmime-4.5.3.jar:/Users/ronakgavandi/.m2/repository/org/hamcrest/hamcrest/2.1/hamcrest-2.1.jar:/Users/ronakgavandi/.m2/repository/org/ccil/cowan/tagsoup/tagsoup/1.2.1/tagsoup-1.2.1.jar:/Users/ronakgavandi/.m2/repository/io/rest-assured/json-path/4.3.3/json-path-4.3.3.jar:/Users/ronakgavandi/.m2/repository/org/codehaus/groovy/groovy-json/3.0.7/groovy-json-3.0.7.jar:/Users/ronakgavandi/.m2/repository/io/rest-assured/rest-assured-common/4.3.3/rest-assured-common-4.3.3.jar:/Users/ronakgavandi/.m2/repository/io/rest-assured/xml-path/4.3.3/xml-path-4.3.3.jar:/Users/ronakgavandi/.m2/repository/org/apache/commons/commons-lang3/3.11/commons-lang3-3.11.jar:/Users/ronakgavandi/.m2/repository/jakarta/xml/bind/jakarta.xml.bind-api/2.3.3/jakarta.xml.bind-api-2.3.3.jar:/Users/ronakgavandi/.m2/repository/jakarta/activation/jakarta.activation-api/1.2.2/jakarta.activation-api-1.2.2.jar:/Users/ronakgavandi/.m2/repository/com/sun/xml/bind/jaxb-impl/2.3.3/jaxb-impl-2.3.3.jar:/Users/ronakgavandi/.m2/repository/mysql/mysql-connector-java/8.0.23/mysql-connector-java-8.0.23.jar:/Users/ronakgavandi/.m2/repository/com/google/protobuf/protobuf-java/3.11.4/protobuf-java-3.11.4.jar:/Users/ronakgavandi/.m2/repository/org/apache/poi/poi-ooxml/5.0.0/poi-ooxml-5.0.0.jar:/Users/ronakgavandi/.m2/repository/org/apache/poi/poi-ooxml-lite/5.0.0/poi-ooxml-lite-5.0.0.jar:/Users/ronakgavandi/.m2/repository/org/apache/xmlbeans/xmlbeans/4.0.0/xmlbeans-4.0.0.jar:/Users/ronakgavandi/.m2/repository/org/apache/commons/commons-compress/1.20/commons-compress-1.20.jar:/Users/ronakgavandi/.m2/repository/com/github/virtuald/curvesapi/1.06/curvesapi-1.06.jar:/Users/ronakgavandi/.m2/repository/org/bouncycastle/bcpkix-jdk15on/1.68/bcpkix-jdk15on-1.68.jar:/Users/ronakgavandi/.m2/repository/org/bouncycastle/bcprov-jdk15on/1.68/bcprov-jdk15on-1.68.jar:/Users/ronakgavandi/.m2/repository/org/apache/santuario/xmlsec/2.2.1/xmlsec-2.2.1.jar:/Users/ronakgavandi/.m2/repository/com/fasterxml/woodstox/woodstox-core/5.2.1/woodstox-core-5.2.1.jar:/Users/ronakgavandi/.m2/repository/org/codehaus/woodstox/stax2-api/4.2/stax2-api-4.2.jar:/Users/ronakgavandi/.m2/repository/org/apache/xmlgraphics/batik-all/1.13/batik-all-1.13.jar:/Users/ronakgavandi/.m2/repository/org/apache/xmlgraphics/batik-anim/1.13/batik-anim-1.13.jar:/Users/ronakgavandi/.m2/repository/org/apache/xmlgraphics/batik-shared-resources/1.13/batik-shared-resources-1.13.jar:/Users/ronakgavandi/.m2/repository/xml-apis/xml-apis-ext/1.3.04/xml-apis-ext-1.3.04.jar:/Users/ronakgavandi/.m2/repository/org/apache/xmlgraphics/batik-awt-util/1.13/batik-awt-util-1.13.jar:/Users/ronakgavandi/.m2/repository/org/apache/xmlgraphics/xmlgraphics-commons/2.4/xmlgraphics-commons-2.4.jar:/Users/ronakgavandi/.m2/repository/org/apache/xmlgraphics/batik-bridge/1.13/batik-bridge-1.13.jar:/Users/ronakgavandi/.m2/repository/org/apache/xmlgraphics/batik-codec/1.13/batik-codec-1.13.jar:/Users/ronakgavandi/.m2/repository/org/apache/xmlgraphics/batik-constants/1.13/batik-constants-1.13.jar:/Users/ronakgavandi/.m2/repository/org/apache/xmlgraphics/batik-css/1.13/batik-css-1.13.jar:/Users/ronakgavandi/.m2/repository/org/apache/xmlgraphics/batik-dom/1.13/batik-dom-1.13.jar:/Users/ronakgavandi/.m2/repository/xalan/xalan/2.7.2/xalan-2.7.2.jar:/Users/ronakgavandi/.m2/repository/xalan/serializer/2.7.2/serializer-2.7.2.jar:/Users/ronakgavandi/.m2/repository/xml-apis/xml-apis/1.4.01/xml-apis-1.4.01.jar:/Users/ronakgavandi/.m2/repository/org/apache/xmlgraphics/batik-ext/1.13/batik-ext-1.13.jar:/Users/ronakgavandi/.m2/repository/org/apache/xmlgraphics/batik-extension/1.13/batik-extension-1.13.jar:/Users/ronakgavandi/.m2/repository/org/apache/xmlgraphics/batik-gui-util/1.13/batik-gui-util-1.13.jar:/Users/ronakgavandi/.m2/repository/org/apache/xmlgraphics/batik-gvt/1.13/batik-gvt-1.13.jar:/Users/ronakgavandi/.m2/repository/org/apache/xmlgraphics/batik-i18n/1.13/batik-i18n-1.13.jar:/Users/ronakgavandi/.m2/repository/org/apache/xmlgraphics/batik-parser/1.13/batik-parser-1.13.jar:/Users/ronakgavandi/.m2/repository/org/apache/xmlgraphics/batik-rasterizer-ext/1.13/batik-rasterizer-ext-1.13.jar:/Users/ronakgavandi/.m2/repository/org/apache/xmlgraphics/batik-rasterizer/1.13/batik-rasterizer-1.13.jar:/Users/ronakgavandi/.m2/repository/org/apache/xmlgraphics/batik-script/1.13/batik-script-1.13.jar:/Users/ronakgavandi/.m2/repository/org/apache/xmlgraphics/batik-slideshow/1.13/batik-slideshow-1.13.jar:/Users/ronakgavandi/.m2/repository/org/apache/xmlgraphics/batik-squiggle-ext/1.13/batik-squiggle-ext-1.13.jar:/Users/ronakgavandi/.m2/repository/org/apache/xmlgraphics/batik-squiggle/1.13/batik-squiggle-1.13.jar:/Users/ronakgavandi/.m2/repository/org/apache/xmlgraphics/batik-svg-dom/1.13/batik-svg-dom-1.13.jar:/Users/ronakgavandi/.m2/repository/org/apache/xmlgraphics/batik-svgbrowser/1.13/batik-svgbrowser-1.13.jar:/Users/ronakgavandi/.m2/repository/org/apache/xmlgraphics/batik-svggen/1.13/batik-svggen-1.13.jar:/Users/ronakgavandi/.m2/repository/org/apache/xmlgraphics/batik-svgpp/1.13/batik-svgpp-1.13.jar:/Users/ronakgavandi/.m2/repository/org/apache/xmlgraphics/batik-svgrasterizer/1.13/batik-svgrasterizer-1.13.jar:/Users/ronakgavandi/.m2/repository/org/apache/xmlgraphics/batik-swing/1.13/batik-swing-1.13.jar:/Users/ronakgavandi/.m2/repository/org/apache/xmlgraphics/batik-transcoder/1.13/batik-transcoder-1.13.jar:/Users/ronakgavandi/.m2/repository/org/apache/xmlgraphics/batik-util/1.13/batik-util-1.13.jar:/Users/ronakgavandi/.m2/repository/org/apache/xmlgraphics/batik-ttf2svg/1.13/batik-ttf2svg-1.13.jar:/Users/ronakgavandi/.m2/repository/org/apache/xmlgraphics/batik-xml/1.13/batik-xml-1.13.jar:/Users/ronakgavandi/.m2/repository/de/rototor/pdfbox/graphics2d/0.30/graphics2d-0.30.jar:/Users/ronakgavandi/.m2/repository/org/apache/pdfbox/pdfbox/2.0.22/pdfbox-2.0.22.jar:/Users/ronakgavandi/.m2/repository/org/apache/pdfbox/fontbox/2.0.22/fontbox-2.0.22.jar:/Users/ronakgavandi/.m2/repository/org/apache/poi/poi/5.0.0/poi-5.0.0.jar:/Users/ronakgavandi/.m2/repository/org/slf4j/slf4j-api/1.7.30/slf4j-api-1.7.30.jar:/Users/ronakgavandi/.m2/repository/org/slf4j/jcl-over-slf4j/1.7.30/jcl-over-slf4j-1.7.30.jar:/Users/ronakgavandi/.m2/repository/commons-codec/commons-codec/1.15/commons-codec-1.15.jar:/Users/ronakgavandi/.m2/repository/org/apache/commons/commons-collections4/4.4/commons-collections4-4.4.jar:/Users/ronakgavandi/.m2/repository/org/apache/commons/commons-math3/3.6.1/commons-math3-3.6.1.jar:/Users/ronakgavandi/.m2/repository/com/zaxxer/SparseBitSet/1.2/SparseBitSet-1.2.jar:"/>
    <property name="sun.cpu.endian" value="little"/>
    <property name="user.home" value="/Users/ronakgavandi"/>
    <property name="user.language" value="en"/>
    <property name="java.specification.vendor" value="Oracle Corporation"/>
    <property name="java.version.date" value="2020-01-14"/>
    <property name="java.home" value="/Library/Java/JavaVirtualMachines/jdk-13.0.2.jdk/Contents/Home"/>
    <property name="file.separator" value="/"/>
    <property name="basedir" value="/Users/ronakgavandi/My Drive/Automation Material/Git Repository/E2EProject"/>
    <property name="java.vm.compressedOopsMode" value="Zero based"/>
    <property name="line.separator" value="&#10;"/>
    <property name="java.vm.specification.vendor" value="Oracle Corporation"/>
    <property name="java.specification.name" value="Java Platform API Specification"/>
    <property name="surefire.real.class.path" value="/Users/ronakgavandi/My Drive/Automation Material/Git Repository/E2EProject/target/surefire/surefirebooter10840646039056158062.jar"/>
    <property name="sun.management.compiler" value="HotSpot 64-Bit Tiered Compilers"/>
    <property name="java.runtime.version" value="13.0.2+8"/>
    <property name="user.name" value="ronakgavandi"/>
    <property name="path.separator" value=":"/>
    <property name="os.version" value="10.16"/>
    <property name="java.runtime.name" value="Java(TM) SE Runtime Environment"/>
    <property name="file.encoding" value="UTF-8"/>
    <property name="browser" value="chrome"/>
    <property name="sun.nio.ch.bugLevel" value=""/>
    <property name="java.vm.name" value="Java HotSpot(TM) 64-Bit Server VM"/>
    <property name="localRepository" value="/Users/ronakgavandi/.m2/repository"/>
    <property name="java.vendor.url.bug" value="https://bugreport.java.com/bugreport/"/>
    <property name="java.io.tmpdir" value="/var/folders/87/7639lspj3x57wxkc3gpccnp80000gn/T/"/>
    <property name="java.version" value="13.0.2"/>
    <property name="user.dir" value="/Users/ronakgavandi/My Drive/Automation Material/Git Repository/E2EProject"/>
    <property name="os.arch" value="x86_64"/>
    <property name="java.vm.specification.name" value="Java Virtual Machine Specification"/>
    <property name="java.library.path" value="/Users/ronakgavandi/Library/Java/Extensions:/Library/Java/Extensions:/Network/Library/Java/Extensions:/System/Library/Java/Extensions:/usr/lib/java:."/>
    <property name="java.vm.info" value="mixed mode, sharing"/>
    <property name="java.vendor" value="Oracle Corporation"/>
    <property name="java.vm.version" value="13.0.2+8"/>
    <property name="sun.io.unicode.encoding" value="UnicodeBig"/>
    <property name="java.class.version" value="57.0"/>
  </properties>
  <testcase name="basePageNavigation" classname="testCases.AssertTitleAndNavigationPaneTest" time="0.828">
    <failure message="expected [XLearn Earn &amp; Shine] but found [Learn Earn &amp; Shine]" type="java.lang.AssertionError"><![CDATA[java.lang.AssertionError: expected [XLearn Earn & Shine] but found [Learn Earn & Shine]
	at testCases.AssertTitleAndNavigationPaneTest.basePageNavigation(AssertTitleAndNavigationPaneTest.java:34)
]]></failure>
    <system-out><![CDATA[/Users/ronakgavandi/My Drive/Automation Material/Git Repository/E2EProject/reports/screenshots/basePageNavigation_20220616_012902_794.png
]]></system-out>
    <system-err><![CDATA[SLF4J: Failed to load class "org.slf4j.impl.StaticLoggerBinder".
SLF4J: Defaulting to no-operation (NOP) logger implementation
SLF4J: See http://www.slf4j.org/codes.html#StaticLoggerBinder for further details.
Starting ChromeDriver 102.0.5005.61 (0e59bcc00cc4985ce39ad31c150065f159d95ad3-refs/branch-heads/5005@{#819}) on port 30890
Only local connections are allowed.
Please see https://chromedriver.chromium.org/security-considerations for suggestions on keeping ChromeDriver safe.
ChromeDriver was started successfully.
Starting ChromeDriver 102.0.5005.61 (0e59bcc00cc4985ce39ad31c150065f159d95ad3-refs/branch-heads/5005@{#819}) on port 3160
Only local connections are allowed.
Please see https://chromedriver.chromium.org/security-considerations for suggestions on keeping ChromeDriver safe.
ChromeDriver was started successfully.
Jun 16, 2022 1:28:51 PM org.openqa.selenium.remote.ProtocolHandshake createSession
INFO: Detected dialect: W3C
Jun 16, 2022 1:28:51 PM org.openqa.selenium.remote.ProtocolHandshake createSession
INFO: Detected dialect: W3C
Jun 16, 2022 1:28:52 PM org.openqa.selenium.devtools.CdpVersionFinder findNearestMatch
WARNING: Unable to find an exact match for CDP version 102, so returning the closest version found: a no-op implementation
Jun 16, 2022 1:28:52 PM org.openqa.selenium.devtools.CdpVersionFinder findNearestMatch
INFO: Unable to find CDP implementation matching 102.
Jun 16, 2022 1:28:52 PM org.openqa.selenium.chromium.ChromiumDriver lambda$new$0
WARNING: Unable to find version of CDP to use for . You may need to include a dependency on a specific version of the CDP using something similar to `org.seleniumhq.selenium:selenium-devtools-v86:4.0.0-beta-1` where the version ("v86") matches the version of the chromium-based browser you're using and the version number of the artifact is the same as Selenium's.
Jun 16, 2022 1:28:52 PM org.openqa.selenium.devtools.CdpVersionFinder findNearestMatch
WARNING: Unable to find an exact match for CDP version 102, so returning the closest version found: a no-op implementation
Jun 16, 2022 1:28:52 PM org.openqa.selenium.devtools.CdpVersionFinder findNearestMatch
INFO: Unable to find CDP implementation matching 102.
Jun 16, 2022 1:28:52 PM org.openqa.selenium.chromium.ChromiumDriver lambda$new$0
WARNING: Unable to find version of CDP to use for . You may need to include a dependency on a specific version of the CDP using something similar to `org.seleniumhq.selenium:selenium-devtools-v86:4.0.0-beta-1` where the version ("v86") matches the version of the chromium-based browser you're using and the version number of the artifact is the same as Selenium's.
]]></system-err>
  </testcase>
  <testcase name="basePageNavigation[ronakg11@lapandaav.com, JaiGanesh123, Unrestricted User](1)" classname="testCases.HomePageAndLoginTest" time="10.124">
    <failure message="no such element: Unable to locate element: {&quot;method&quot;:&quot;css selector&quot;,&quot;selector&quot;:&quot;a[href*=&apos;forgot_password&apos;]&quot;}&#10;  (Session info: chrome=102.0.5005.115)&#10;For documentation on this error, please visit: https://selenium.dev/exceptions/#no_such_element&#10;Build info: version: &apos;4.0.0-beta-1&apos;, revision: &apos;9c03156c2b&apos;&#10;System info: host: &apos;Ronaks-MBP.attlocal.net&apos;, ip: &apos;2600:1700:4a3d:8850:0:0:0:48%en0&apos;, os.name: &apos;Mac OS X&apos;, os.arch: &apos;x86_64&apos;, os.version: &apos;10.16&apos;, java.version: &apos;13.0.2&apos;&#10;Driver info: org.openqa.selenium.chrome.ChromeDriver&#10;Command: [f5bfffc5e44e977aef7f979b26ec0e28, findElement {using=css selector, value=a[href*=&apos;forgot_password&apos;]}]&#10;Capabilities {acceptInsecureCerts: false, browserName: chrome, browserVersion: 102.0.5005.115, chrome: {chromedriverVersion: 102.0.5005.61 (0e59bcc00cc4..., userDataDir: /var/folders/87/7639lspj3x5...}, goog:chromeOptions: {debuggerAddress: localhost:51462}, javascriptEnabled: true, networkConnectionEnabled: false, pageLoadStrategy: normal, platform: MAC, platformName: MAC, proxy: Proxy(), setWindowRect: true, strictFileInteractability: false, timeouts: {implicit: 0, pageLoad: 300000, script: 30000}, unhandledPromptBehavior: dismiss and notify, webauthn:extension:credBlob: true, webauthn:extension:largeBlob: true, webauthn:virtualAuthenticators: true}&#10;Session ID: f5bfffc5e44e977aef7f979b26ec0e28" type="org.openqa.selenium.NoSuchElementException"><![CDATA[org.openqa.selenium.NoSuchElementException: 
no such element: Unable to locate element: {"method":"css selector","selector":"a[href*='forgot_password']"}
  (Session info: chrome=102.0.5005.115)
For documentation on this error, please visit: https://selenium.dev/exceptions/#no_such_element
Build info: version: '4.0.0-beta-1', revision: '9c03156c2b'
System info: host: 'Ronaks-MBP.attlocal.net', ip: '2600:1700:4a3d:8850:0:0:0:48%en0', os.name: 'Mac OS X', os.arch: 'x86_64', os.version: '10.16', java.version: '13.0.2'
Driver info: org.openqa.selenium.chrome.ChromeDriver
Command: [f5bfffc5e44e977aef7f979b26ec0e28, findElement {using=css selector, value=a[href*='forgot_password']}]
Capabilities {acceptInsecureCerts: false, browserName: chrome, browserVersion: 102.0.5005.115, chrome: {chromedriverVersion: 102.0.5005.61 (0e59bcc00cc4..., userDataDir: /var/folders/87/7639lspj3x5...}, goog:chromeOptions: {debuggerAddress: localhost:51462}, javascriptEnabled: true, networkConnectionEnabled: false, pageLoadStrategy: normal, platform: MAC, platformName: MAC, proxy: Proxy(), setWindowRect: true, strictFileInteractability: false, timeouts: {implicit: 0, pageLoad: 300000, script: 30000}, unhandledPromptBehavior: dismiss and notify, webauthn:extension:credBlob: true, webauthn:extension:largeBlob: true, webauthn:virtualAuthenticators: true}
Session ID: f5bfffc5e44e977aef7f979b26ec0e28
	at testCases.HomePageAndLoginTest.basePageNavigation(HomePageAndLoginTest.java:50)
]]></failure>
    <system-out><![CDATA[/Users/ronakgavandi/My Drive/Automation Material/Git Repository/E2EProject/reports/screenshots/basePageNavigation_20220616_012912_110.png
]]></system-out>
  </testcase>
  <testcase name="basePageNavigation[pangolin11@chaayna.com, JaiVeerHanumaan123, Restricted User](2)" classname="testCases.HomePageAndLoginTest" time="11.904">
    <failure message="no such element: Unable to locate element: {&quot;method&quot;:&quot;css selector&quot;,&quot;selector&quot;:&quot;a[href*=&apos;forgot_password&apos;]&quot;}&#10;  (Session info: chrome=102.0.5005.115)&#10;For documentation on this error, please visit: https://selenium.dev/exceptions/#no_such_element&#10;Build info: version: &apos;4.0.0-beta-1&apos;, revision: &apos;9c03156c2b&apos;&#10;System info: host: &apos;Ronaks-MBP.attlocal.net&apos;, ip: &apos;2600:1700:4a3d:8850:0:0:0:48%en0&apos;, os.name: &apos;Mac OS X&apos;, os.arch: &apos;x86_64&apos;, os.version: &apos;10.16&apos;, java.version: &apos;13.0.2&apos;&#10;Driver info: org.openqa.selenium.chrome.ChromeDriver&#10;Command: [f5bfffc5e44e977aef7f979b26ec0e28, findElement {using=css selector, value=a[href*=&apos;forgot_password&apos;]}]&#10;Capabilities {acceptInsecureCerts: false, browserName: chrome, browserVersion: 102.0.5005.115, chrome: {chromedriverVersion: 102.0.5005.61 (0e59bcc00cc4..., userDataDir: /var/folders/87/7639lspj3x5...}, goog:chromeOptions: {debuggerAddress: localhost:51462}, javascriptEnabled: true, networkConnectionEnabled: false, pageLoadStrategy: normal, platform: MAC, platformName: MAC, proxy: Proxy(), setWindowRect: true, strictFileInteractability: false, timeouts: {implicit: 0, pageLoad: 300000, script: 30000}, unhandledPromptBehavior: dismiss and notify, webauthn:extension:credBlob: true, webauthn:extension:largeBlob: true, webauthn:virtualAuthenticators: true}&#10;Session ID: f5bfffc5e44e977aef7f979b26ec0e28" type="org.openqa.selenium.NoSuchElementException"><![CDATA[org.openqa.selenium.NoSuchElementException: 
no such element: Unable to locate element: {"method":"css selector","selector":"a[href*='forgot_password']"}
  (Session info: chrome=102.0.5005.115)
For documentation on this error, please visit: https://selenium.dev/exceptions/#no_such_element
Build info: version: '4.0.0-beta-1', revision: '9c03156c2b'
System info: host: 'Ronaks-MBP.attlocal.net', ip: '2600:1700:4a3d:8850:0:0:0:48%en0', os.name: 'Mac OS X', os.arch: 'x86_64', os.version: '10.16', java.version: '13.0.2'
Driver info: org.openqa.selenium.chrome.ChromeDriver
Command: [f5bfffc5e44e977aef7f979b26ec0e28, findElement {using=css selector, value=a[href*='forgot_password']}]
Capabilities {acceptInsecureCerts: false, browserName: chrome, browserVersion: 102.0.5005.115, chrome: {chromedriverVersion: 102.0.5005.61 (0e59bcc00cc4..., userDataDir: /var/folders/87/7639lspj3x5...}, goog:chromeOptions: {debuggerAddress: localhost:51462}, javascriptEnabled: true, networkConnectionEnabled: false, pageLoadStrategy: normal, platform: MAC, platformName: MAC, proxy: Proxy(), setWindowRect: true, strictFileInteractability: false, timeouts: {implicit: 0, pageLoad: 300000, script: 30000}, unhandledPromptBehavior: dismiss and notify, webauthn:extension:credBlob: true, webauthn:extension:largeBlob: true, webauthn:virtualAuthenticators: true}
Session ID: f5bfffc5e44e977aef7f979b26ec0e28
	at testCases.HomePageAndLoginTest.basePageNavigation(HomePageAndLoginTest.java:50)
]]></failure>
    <system-out><![CDATA[/Users/ronakgavandi/My Drive/Automation Material/Git Repository/E2EProject/reports/screenshots/basePageNavigation_20220616_012924_016.png
]]></system-out>
  </testcase>
</testsuite>