<?xml version="1.0" encoding="UTF-8"?>
<!-- Generated by org.testng.reporters.JUnitReportReporter -->
<testsuite hostname="Ronaks-MBP.attlocal.net" failures="0" tests="1" name="commentsProject.Oodaymy" time="9.556" errors="0" timestamp="2022-06-24T22:27:56 PDT" skipped="0">
  <testcase classname="commentsProject.Oodaymy" name="extractComments" time="9.556"/>
  <system-out/>
</testsuite> <!-- commentsProject.Oodaymy -->
