<?xml version="1.0" encoding="UTF-8"?>
<!-- Generated by org.testng.reporters.JUnitReportReporter -->
<testsuite hostname="Ronaks-MBP.attlocal.net" failures="0" tests="1" name="cricInfo.IndVsAusTest" time="35.359" errors="0" timestamp="2022-06-11T11:11:54 PDT" skipped="0">
  <testcase classname="cricInfo.IndVsAusTest" name="assertPlayerScore" time="35.359"/>
  <system-out/>
</testsuite> <!-- cricInfo.IndVsAusTest -->
