<?xml version="1.0" encoding="UTF-8"?>
<!-- Generated by org.testng.reporters.JUnitReportReporter -->
<testsuite hostname="Ronaks-MBP.attlocal.net" failures="0" tests="1" name="Other.CartTestCases" time="1.576" errors="0" timestamp="2022-06-27T23:28:53 PDT" skipped="0">
  <testcase classname="Other.CartTestCases" name="basePageNavigation" time="1.576"/>
  <system-out/>
</testsuite> <!-- Other.CartTestCases -->
