<?xml version="1.0" encoding="UTF-8"?>
<!-- Generated by org.testng.reporters.JUnitReportReporter -->
<testsuite hostname="Ronaks-MBP.attlocal.net" failures="0" tests="3" name="apartments.com.GetCommunityList" time="879.386" errors="0" timestamp="2022-06-11T11:27:10 PDT" skipped="0">
  <testcase classname="apartments.com.GetCommunityList" name="processFinalResults" time="0.004"/>
  <system-out/>
  <testcase classname="apartments.com.GetCommunityList" name="applyFiltersAndGetCommunities" time="27.366"/>
  <system-out/>
  <testcase classname="apartments.com.GetCommunityList" name="filterOutCommunitiesBasedonGoogleReviews" time="852.016"/>
  <system-out/>
</testsuite> <!-- apartments.com.GetCommunityList -->
