<?xml version="1.0" encoding="UTF-8"?>
<!-- Generated by org.testng.reporters.JUnitReportReporter -->
<testsuite hostname="Ronaks-MacBook-Pro.local" failures="0" tests="2" name="Academy.HomePageTest" time="39.212" errors="0" timestamp="2021-03-18T22:11:38 EDT" skipped="0">
  <testcase classname="Academy.HomePageTest" name="basePageNavigation" time="21.790"/>
  <system-out/>
  <testcase classname="Academy.HomePageTest" name="basePageNavigation" time="17.422"/>
  <system-out/>
</testsuite> <!-- Academy.HomePageTest -->
