<?xml version="1.0" encoding="UTF-8"?>
<!-- Generated by org.testng.reporters.JUnitReportReporter -->
<testsuite hostname="Ronaks-MBP.attlocal.net" failures="0" tests="2" name="commentsProject.OodaymyNew" time="24.382" errors="0" timestamp="2022-06-25T15:00:17 PDT" skipped="0">
  <testcase classname="commentsProject.OodaymyNew" name="extractCommentsC2" time="11.839"/>
  <system-out/>
  <testcase classname="commentsProject.OodaymyNew" name="extractCommentsC1" time="12.543"/>
  <system-out/>
</testsuite> <!-- commentsProject.OodaymyNew -->
