<?xml version="1.0" encoding="UTF-8"?>
<!-- Generated by org.testng.reporters.JUnitReportReporter -->
<testsuite hostname="Ronaks-MacBook-Pro.local" failures="0" tests="1" name="Academy.HomePage" time="13.451" errors="0" timestamp="2021-03-18T17:57:16 EDT" skipped="0">
  <testcase classname="Academy.HomePage" name="basePageNavigation" time="13.451"/>
  <system-out/>
</testsuite> <!-- Academy.HomePage -->
