<?xml version="1.0" encoding="UTF-8"?>
<!-- Generated by org.testng.reporters.JUnitReportReporter -->
<testsuite hostname="Ronaks-MBP.attlocal.net" failures="0" tests="1" name="cricInfo.IndVsAusTest" time="0.000" errors="0" timestamp="2022-06-24T19:42:42 PDT" skipped="1">
  <testcase classname="cricInfo.IndVsAusTest" name="assertPlayerScore" time="0.000">
    <skipped/>
  </testcase> <!-- assertPlayerScore -->
  <system-out/>
</testsuite> <!-- cricInfo.IndVsAusTest -->
