<?xml version="1.0" encoding="UTF-8"?>
<!-- Generated by org.testng.reporters.JUnitReportReporter -->
<testsuite hostname="Ronaks-MBP.attlocal.net" failures="0" tests="2" name="testCases.HomePageAndLoginTest" time="0.000" errors="0" timestamp="2022-06-24T19:42:42 PDT" skipped="2">
  <testcase classname="testCases.HomePageAndLoginTest" name="basePageNavigation" time="0.000">
    <skipped/>
  </testcase> <!-- basePageNavigation -->
  <system-out/>
  <testcase classname="testCases.HomePageAndLoginTest" name="basePageNavigation" time="0.000">
    <skipped/>
  </testcase> <!-- basePageNavigation -->
  <system-out/>
</testsuite> <!-- testCases.HomePageAndLoginTest -->
